android/app/build/intermediates/manifest_merge_blame_file/release/manifest-merger-blame-release-report.txt
1<?xml version="1.0" encoding="utf-8"?>
2<manifest xmlns:android="http://schemas.android.com/apk/res/android"
3    package="in.daaconline.doomshell"
4    android:versionCode="670014"
5    android:versionName="4.3" >
6
7    <uses-sdk
8        android:minSdkVersion="21"
8-->src/main/AndroidManifest.xml
9        android:targetSdkVersion="33" />
9-->src/main/AndroidManifest.xml
10
11    <uses-permission android:name="android.permission.INTERNET" />
11-->src/main/AndroidManifest.xml:5:5-67
11-->src/main/AndroidManifest.xml:5:22-64
12    <uses-permission android:name="android.permission.RECEIVE_BOOT_COMPLETED" />
12-->src/main/AndroidManifest.xml:6:5-81
12-->src/main/AndroidManifest.xml:6:22-78
13    <uses-permission android:name="android.permission.VIBRATE" />
13-->src/main/AndroidManifest.xml:7:5-66
13-->src/main/AndroidManifest.xml:7:22-63
14    <uses-permission android:name="android.permission.READ_EXTERNAL_STORAGE" />
14-->src/main/AndroidManifest.xml:8:5-80
14-->src/main/AndroidManifest.xml:8:22-77
15    <uses-permission android:name="android.permission.WRITE_EXTERNAL_STORAGE" />
15-->src/main/AndroidManifest.xml:9:5-81
15-->src/main/AndroidManifest.xml:9:22-78
16    <uses-permission android:name="android.permission.ACCESS_NETWORK_STATE" />
16-->[:react-native-community_netinfo] AndroidManifest.xml:9:5-79
16-->[:react-native-community_netinfo] AndroidManifest.xml:9:22-76
17    <uses-permission android:name="android.permission.ACCESS_WIFI_STATE" />
17-->[:react-native-community_netinfo] AndroidManifest.xml:10:5-76
17-->[:react-native-community_netinfo] AndroidManifest.xml:10:22-73
18    <uses-permission android:name="android.permission.WAKE_LOCK" />
18-->[:react-native-firebase_messaging] AndroidManifest.xml:10:5-68
18-->[:react-native-firebase_messaging] AndroidManifest.xml:10:22-65
19    <uses-permission android:name="android.permission.POST_NOTIFICATIONS" /> <!-- Required by older versions of Google Play services to create IID tokens -->
19-->[com.google.firebase:firebase-messaging:23.0.8] AndroidManifest.xml:26:5-77
19-->[com.google.firebase:firebase-messaging:23.0.8] AndroidManifest.xml:26:22-74
20    <uses-permission android:name="com.google.android.c2dm.permission.RECEIVE" /> <!-- for android -->
20-->[com.google.firebase:firebase-messaging:23.0.8] AndroidManifest.xml:29:5-82
20-->[com.google.firebase:firebase-messaging:23.0.8] AndroidManifest.xml:29:22-79
21    <!-- <uses-permission android:name="com.android.launcher.permission.READ_SETTINGS"/> -->
22    <!-- <uses-permission android:name="com.android.launcher.permission.WRITE_SETTINGS"/> -->
23    <!-- <uses-permission android:name="com.android.launcher.permission.INSTALL_SHORTCUT" /> -->
24    <!-- <uses-permission android:name="com.android.launcher.permission.UNINSTALL_SHORTCUT" /> -->
25    <!-- for Samsung -->
26    <uses-permission android:name="com.sec.android.provider.badge.permission.READ" />
26-->[me.leolin:ShortcutBadger:1.1.22] AndroidManifest.xml:19:5-86
26-->[me.leolin:ShortcutBadger:1.1.22] AndroidManifest.xml:19:22-83
27    <uses-permission android:name="com.sec.android.provider.badge.permission.WRITE" /> <!-- for htc -->
27-->[me.leolin:ShortcutBadger:1.1.22] AndroidManifest.xml:20:5-87
27-->[me.leolin:ShortcutBadger:1.1.22] AndroidManifest.xml:20:22-84
28    <uses-permission android:name="com.htc.launcher.permission.READ_SETTINGS" />
28-->[me.leolin:ShortcutBadger:1.1.22] AndroidManifest.xml:23:5-81
28-->[me.leolin:ShortcutBadger:1.1.22] AndroidManifest.xml:23:22-78
29    <uses-permission android:name="com.htc.launcher.permission.UPDATE_SHORTCUT" /> <!-- for sony -->
29-->[me.leolin:ShortcutBadger:1.1.22] AndroidManifest.xml:24:5-83
29-->[me.leolin:ShortcutBadger:1.1.22] AndroidManifest.xml:24:22-80
30    <uses-permission android:name="com.sonyericsson.home.permission.BROADCAST_BADGE" />
30-->[me.leolin:ShortcutBadger:1.1.22] AndroidManifest.xml:27:5-88
30-->[me.leolin:ShortcutBadger:1.1.22] AndroidManifest.xml:27:22-85
31    <uses-permission android:name="com.sonymobile.home.permission.PROVIDER_INSERT_BADGE" /> <!-- for apex -->
31-->[me.leolin:ShortcutBadger:1.1.22] AndroidManifest.xml:28:5-92
31-->[me.leolin:ShortcutBadger:1.1.22] AndroidManifest.xml:28:22-89
32    <uses-permission android:name="com.anddoes.launcher.permission.UPDATE_COUNT" /> <!-- for solid -->
32-->[me.leolin:ShortcutBadger:1.1.22] AndroidManifest.xml:31:5-84
32-->[me.leolin:ShortcutBadger:1.1.22] AndroidManifest.xml:31:22-81
33    <uses-permission android:name="com.majeur.launcher.permission.UPDATE_BADGE" /> <!-- for huawei -->
33-->[me.leolin:ShortcutBadger:1.1.22] AndroidManifest.xml:34:5-83
33-->[me.leolin:ShortcutBadger:1.1.22] AndroidManifest.xml:34:22-80
34    <uses-permission android:name="com.huawei.android.launcher.permission.CHANGE_BADGE" />
34-->[me.leolin:ShortcutBadger:1.1.22] AndroidManifest.xml:37:5-91
34-->[me.leolin:ShortcutBadger:1.1.22] AndroidManifest.xml:37:22-88
35    <uses-permission android:name="com.huawei.android.launcher.permission.READ_SETTINGS" />
35-->[me.leolin:ShortcutBadger:1.1.22] AndroidManifest.xml:38:5-92
35-->[me.leolin:ShortcutBadger:1.1.22] AndroidManifest.xml:38:22-89
36    <uses-permission android:name="com.huawei.android.launcher.permission.WRITE_SETTINGS" /> <!-- for ZUK -->
36-->[me.leolin:ShortcutBadger:1.1.22] AndroidManifest.xml:39:5-93
36-->[me.leolin:ShortcutBadger:1.1.22] AndroidManifest.xml:39:22-90
37    <uses-permission android:name="android.permission.READ_APP_BADGE" /> <!-- for OPPO -->
37-->[me.leolin:ShortcutBadger:1.1.22] AndroidManifest.xml:42:5-73
37-->[me.leolin:ShortcutBadger:1.1.22] AndroidManifest.xml:42:22-70
38    <uses-permission android:name="com.oppo.launcher.permission.READ_SETTINGS" />
38-->[me.leolin:ShortcutBadger:1.1.22] AndroidManifest.xml:45:5-82
38-->[me.leolin:ShortcutBadger:1.1.22] AndroidManifest.xml:45:22-79
39    <uses-permission android:name="com.oppo.launcher.permission.WRITE_SETTINGS" /> <!-- for EvMe -->
39-->[me.leolin:ShortcutBadger:1.1.22] AndroidManifest.xml:46:5-83
39-->[me.leolin:ShortcutBadger:1.1.22] AndroidManifest.xml:46:22-80
40    <uses-permission android:name="me.everything.badger.permission.BADGE_COUNT_READ" />
40-->[me.leolin:ShortcutBadger:1.1.22] AndroidManifest.xml:49:5-88
40-->[me.leolin:ShortcutBadger:1.1.22] AndroidManifest.xml:49:22-85
41    <uses-permission android:name="me.everything.badger.permission.BADGE_COUNT_WRITE" />
41-->[me.leolin:ShortcutBadger:1.1.22] AndroidManifest.xml:50:5-89
41-->[me.leolin:ShortcutBadger:1.1.22] AndroidManifest.xml:50:22-86
42    <uses-permission android:name="com.google.android.gms.permission.AD_ID" />
42-->[com.google.android.gms:play-services-measurement-api:21.1.1] AndroidManifest.xml:25:5-79
42-->[com.google.android.gms:play-services-measurement-api:21.1.1] AndroidManifest.xml:25:22-76
43    <uses-permission android:name="com.google.android.finsky.permission.BIND_GET_INSTALL_REFERRER_SERVICE" />
43-->[com.google.android.gms:play-services-measurement:21.1.1] AndroidManifest.xml:26:5-110
43-->[com.google.android.gms:play-services-measurement:21.1.1] AndroidManifest.xml:26:22-107
44
45    <application
45-->src/main/AndroidManifest.xml:11:5-72:19
46        android:name="in.daaconline.doomshell.MainApplication"
46-->src/main/AndroidManifest.xml:12:9-40
47        android:allowBackup="false"
47-->src/main/AndroidManifest.xml:16:9-36
48        android:appComponentFactory="androidx.core.app.CoreComponentFactory"
48-->[androidx.core:core:1.5.0] AndroidManifest.xml:24:18-86
49        android:icon="@mipmap/ic_launcher"
49-->src/main/AndroidManifest.xml:14:9-43
50        android:label="@string/app_name"
50-->src/main/AndroidManifest.xml:13:9-41
51        android:roundIcon="@mipmap/ic_launcher_round"
51-->src/main/AndroidManifest.xml:15:9-54
52        android:screenOrientation="portrait"
52-->src/main/AndroidManifest.xml:19:9-45
53        android:theme="@style/AppTheme"
53-->src/main/AndroidManifest.xml:17:9-40
54        android:usesCleartextTraffic="true" >
54-->src/main/AndroidManifest.xml:18:9-44
55        <activity
55-->src/main/AndroidManifest.xml:21:9-33:20
56            android:name="in.daaconline.doomshell.MainActivity"
56-->src/main/AndroidManifest.xml:23:13-41
57            android:configChanges="keyboard|keyboardHidden|orientation|screenSize|uiMode"
57-->src/main/AndroidManifest.xml:25:13-90
58            android:exported="true"
58-->src/main/AndroidManifest.xml:22:13-36
59            android:label="@string/app_name"
59-->src/main/AndroidManifest.xml:24:13-45
60            android:launchMode="singleTop"
60-->src/main/AndroidManifest.xml:26:13-43
61            android:screenOrientation="portrait"
61-->src/main/AndroidManifest.xml:28:13-49
62            android:windowSoftInputMode="adjustPan" >
62-->src/main/AndroidManifest.xml:27:13-52
63            <intent-filter>
63-->src/main/AndroidManifest.xml:29:13-32:29
64                <action android:name="android.intent.action.MAIN" />
64-->src/main/AndroidManifest.xml:30:17-69
64-->src/main/AndroidManifest.xml:30:25-66
65
66                <category android:name="android.intent.category.LAUNCHER" />
66-->src/main/AndroidManifest.xml:31:17-77
66-->src/main/AndroidManifest.xml:31:27-74
67            </intent-filter>
68        </activity>
69        <activity android:name="com.facebook.react.devsupport.DevSettingsActivity" />
69-->src/main/AndroidManifest.xml:35:9-86
69-->src/main/AndroidManifest.xml:35:19-83
70
71        <service
71-->src/main/AndroidManifest.xml:37:9-42:19
72            android:name="io.invertase.firebase.messaging.RNFirebaseMessagingService"
72-->src/main/AndroidManifest.xml:37:18-91
73            android:exported="false" >
73-->src/main/AndroidManifest.xml:38:13-37
74            <intent-filter>
74-->src/main/AndroidManifest.xml:39:13-41:29
75                <action android:name="com.google.firebase.MESSAGING_EVENT" />
75-->src/main/AndroidManifest.xml:40:17-78
75-->src/main/AndroidManifest.xml:40:25-75
76            </intent-filter>
77        </service>
78
79        <!--
80        <service android:name="io.invertase.firebase.messaging.RNFirebaseBackgroundMessagingService" />
81
82        <meta-data
83            android:name="com.google.firebase.messaging.default_notification_channel_id"
84            android:value="@string/default_notification_channel_id"/>
85        <receiver android:name="io.invertase.firebase.notifications.RNFirebaseNotificationReceiver"/>
86        <receiver android:enabled="true" android:exported="true"  android:name="io.invertase.firebase.notifications.RNFirebaseNotificationsRebootReceiver">
87            <intent-filter>
88                <action android:name="android.intent.action.BOOT_COMPLETED"/>
89                <action android:name="android.intent.action.QUICKBOOT_POWERON"/>
90                <action android:name="com.htc.intent.action.QUICKBOOT_POWERON"/>
91                <category android:name="android.intent.category.DEFAULT" />
92            </intent-filter>
93        </receiver>
94        <receiver android:name="io.invertase.firebase.notifications.RNFirebaseBackgroundNotificationActionReceiver" android:exported="true">
95            <intent-filter>
96                <action android:name="io.invertase.firebase.notifications.BackgroundAction"/>
97            </intent-filter>
98        </receiver>
99        <service android:name="io.invertase.firebase.notifications.RNFirebaseBackgroundNotificationActionsService"/> 
100
101
102                <meta-data
103                    android:name="com.google.firebase.messaging.default_notification_icon"
104                    android:resource="@drawable/ic_notification" />
105                <meta-data
106                    android:name="com.google.firebase.messaging.default_notification_color"
107                    android:resource="@color/notificationBackground" />
108        -->
109        <!-- Disable crashlytics by default so we can custom init with CrashlyticsNdk support -->
110        <meta-data
110-->[:react-native-firebase_crashlytics] AndroidManifest.xml:12:9-14:37
111            android:name="firebase_crashlytics_collection_enabled"
111-->[:react-native-firebase_crashlytics] AndroidManifest.xml:13:13-67
112            android:value="false" />
112-->[:react-native-firebase_crashlytics] AndroidManifest.xml:14:13-34
113
114        <provider
114-->[:react-native-firebase_crashlytics] AndroidManifest.xml:16:9-20:38
115            android:name="io.invertase.firebase.crashlytics.ReactNativeFirebaseCrashlyticsInitProvider"
115-->[:react-native-firebase_crashlytics] AndroidManifest.xml:17:13-104
116            android:authorities="in.daaconline.doomshell.reactnativefirebasecrashlyticsinitprovider"
116-->[:react-native-firebase_crashlytics] AndroidManifest.xml:18:13-94
117            android:exported="false"
117-->[:react-native-firebase_crashlytics] AndroidManifest.xml:19:13-37
118            android:initOrder="98" />
118-->[:react-native-firebase_crashlytics] AndroidManifest.xml:20:13-35
119
120        <service
120-->[:react-native-firebase_messaging] AndroidManifest.xml:14:9-16:40
121            android:name="io.invertase.firebase.messaging.ReactNativeFirebaseMessagingHeadlessService"
121-->[:react-native-firebase_messaging] AndroidManifest.xml:15:13-103
122            android:exported="false" />
122-->[:react-native-firebase_messaging] AndroidManifest.xml:16:13-37
123        <service
123-->[:react-native-firebase_messaging] AndroidManifest.xml:17:9-23:19
124            android:name="io.invertase.firebase.messaging.ReactNativeFirebaseMessagingService"
124-->[:react-native-firebase_messaging] AndroidManifest.xml:18:13-95
125            android:exported="false" >
125-->[:react-native-firebase_messaging] AndroidManifest.xml:19:13-37
126            <intent-filter>
126-->src/main/AndroidManifest.xml:39:13-41:29
127                <action android:name="com.google.firebase.MESSAGING_EVENT" />
127-->src/main/AndroidManifest.xml:40:17-78
127-->src/main/AndroidManifest.xml:40:25-75
128            </intent-filter>
129        </service>
130
131        <receiver
131-->[:react-native-firebase_messaging] AndroidManifest.xml:25:9-32:20
132            android:name="io.invertase.firebase.messaging.ReactNativeFirebaseMessagingReceiver"
132-->[:react-native-firebase_messaging] AndroidManifest.xml:26:13-96
133            android:exported="true"
133-->[:react-native-firebase_messaging] AndroidManifest.xml:27:13-36
134            android:permission="com.google.android.c2dm.permission.SEND" >
134-->[:react-native-firebase_messaging] AndroidManifest.xml:28:13-73
135            <intent-filter>
135-->[:react-native-firebase_messaging] AndroidManifest.xml:29:13-31:29
136                <action android:name="com.google.android.c2dm.intent.RECEIVE" />
136-->[:react-native-firebase_messaging] AndroidManifest.xml:30:17-81
136-->[:react-native-firebase_messaging] AndroidManifest.xml:30:25-78
137            </intent-filter>
138        </receiver>
139
140        <meta-data
140-->[:react-native-firebase_messaging] AndroidManifest.xml:34:9-36:36
141            android:name="firebase_messaging_auto_init_enabled"
141-->[:react-native-firebase_messaging] AndroidManifest.xml:35:13-64
142            android:value="true" />
142-->[:react-native-firebase_messaging] AndroidManifest.xml:36:13-33
143        <meta-data
143-->[:react-native-firebase_messaging] AndroidManifest.xml:37:9-39:32
144            android:name="com.google.firebase.messaging.default_notification_channel_id"
144-->[:react-native-firebase_messaging] AndroidManifest.xml:38:13-89
145            android:value="" />
145-->[:react-native-firebase_messaging] AndroidManifest.xml:39:13-29
146        <meta-data
146-->[:react-native-firebase_messaging] AndroidManifest.xml:40:9-42:47
147            android:name="com.google.firebase.messaging.default_notification_color"
147-->[:react-native-firebase_messaging] AndroidManifest.xml:41:13-84
148            android:resource="@color/white" />
148-->[:react-native-firebase_messaging] AndroidManifest.xml:42:13-44
149        <meta-data
149-->[:react-native-firebase_app] AndroidManifest.xml:11:9-13:36
150            android:name="app_data_collection_default_enabled"
150-->[:react-native-firebase_app] AndroidManifest.xml:12:13-63
151            android:value="true" />
151-->[:react-native-firebase_app] AndroidManifest.xml:13:13-33
152
153        <service
153-->[:react-native-firebase_app] AndroidManifest.xml:15:9-23:19
154            android:name="com.google.firebase.components.ComponentDiscoveryService"
154-->[:react-native-firebase_app] AndroidManifest.xml:16:13-84
155            android:directBootAware="true"
155-->[:react-native-firebase_app] AndroidManifest.xml:17:13-43
156            android:exported="false" >
156-->[:react-native-firebase_app] AndroidManifest.xml:18:13-37
157            <meta-data
157-->[:react-native-firebase_app] AndroidManifest.xml:20:13-22:85
158                android:name="com.google.firebase.components:io.invertase.firebase.app.ReactNativeFirebaseAppRegistrar"
158-->[:react-native-firebase_app] AndroidManifest.xml:21:17-120
159                android:value="com.google.firebase.components.ComponentRegistrar" />
159-->[:react-native-firebase_app] AndroidManifest.xml:22:17-82
160            <meta-data
160-->[com.google.firebase:firebase-messaging:23.0.8] AndroidManifest.xml:56:13-58:85
161                android:name="com.google.firebase.components:com.google.firebase.messaging.FirebaseMessagingRegistrar"
161-->[com.google.firebase:firebase-messaging:23.0.8] AndroidManifest.xml:57:17-119
162                android:value="com.google.firebase.components.ComponentRegistrar" />
162-->[com.google.firebase:firebase-messaging:23.0.8] AndroidManifest.xml:58:17-82
163            <meta-data
163-->[com.google.firebase:firebase-iid:21.1.0] AndroidManifest.xml:32:13-34:85
164                android:name="com.google.firebase.components:com.google.firebase.iid.Registrar"
164-->[com.google.firebase:firebase-iid:21.1.0] AndroidManifest.xml:33:17-96
165                android:value="com.google.firebase.components.ComponentRegistrar" />
165-->[com.google.firebase:firebase-iid:21.1.0] AndroidManifest.xml:34:17-82
166            <meta-data
166-->[com.google.firebase:firebase-crashlytics-ndk:18.2.13] AndroidManifest.xml:35:13-37:85
167                android:name="com.google.firebase.components:com.google.firebase.crashlytics.ndk.CrashlyticsNdkRegistrar"
167-->[com.google.firebase:firebase-crashlytics-ndk:18.2.13] AndroidManifest.xml:36:17-122
168                android:value="com.google.firebase.components.ComponentRegistrar" />
168-->[com.google.firebase:firebase-crashlytics-ndk:18.2.13] AndroidManifest.xml:37:17-82
169            <meta-data
169-->[com.google.firebase:firebase-crashlytics:18.2.13] AndroidManifest.xml:18:13-20:85
170                android:name="com.google.firebase.components:com.google.firebase.crashlytics.CrashlyticsRegistrar"
170-->[com.google.firebase:firebase-crashlytics:18.2.13] AndroidManifest.xml:19:17-115
171                android:value="com.google.firebase.components.ComponentRegistrar" />
171-->[com.google.firebase:firebase-crashlytics:18.2.13] AndroidManifest.xml:20:17-82
172            <meta-data
172-->[com.google.firebase:firebase-auth:21.0.8] AndroidManifest.xml:67:13-69:85
173                android:name="com.google.firebase.components:com.google.firebase.auth.FirebaseAuthRegistrar"
173-->[com.google.firebase:firebase-auth:21.0.8] AndroidManifest.xml:68:17-109
174                android:value="com.google.firebase.components.ComponentRegistrar" />
174-->[com.google.firebase:firebase-auth:21.0.8] AndroidManifest.xml:69:17-82
175            <meta-data
175-->[com.google.firebase:firebase-datatransport:18.1.6] AndroidManifest.xml:28:13-30:85
176                android:name="com.google.firebase.components:com.google.firebase.datatransport.TransportRegistrar"
176-->[com.google.firebase:firebase-datatransport:18.1.6] AndroidManifest.xml:29:17-115
177                android:value="com.google.firebase.components.ComponentRegistrar" />
177-->[com.google.firebase:firebase-datatransport:18.1.6] AndroidManifest.xml:30:17-82
178            <meta-data
178-->[com.google.android.gms:play-services-measurement-api:21.1.1] AndroidManifest.xml:31:13-33:85
179                android:name="com.google.firebase.components:com.google.firebase.analytics.connector.internal.AnalyticsConnectorRegistrar"
179-->[com.google.android.gms:play-services-measurement-api:21.1.1] AndroidManifest.xml:32:17-139
180                android:value="com.google.firebase.components.ComponentRegistrar" />
180-->[com.google.android.gms:play-services-measurement-api:21.1.1] AndroidManifest.xml:33:17-82
181            <meta-data
181-->[com.google.firebase:firebase-installations:17.0.3] AndroidManifest.xml:18:13-20:85
182                android:name="com.google.firebase.components:com.google.firebase.installations.FirebaseInstallationsRegistrar"
182-->[com.google.firebase:firebase-installations:17.0.3] AndroidManifest.xml:19:17-127
183                android:value="com.google.firebase.components.ComponentRegistrar" />
183-->[com.google.firebase:firebase-installations:17.0.3] AndroidManifest.xml:20:17-82
184        </service>
185
186        <provider
186-->[:react-native-firebase_app] AndroidManifest.xml:25:9-29:38
187            android:name="io.invertase.firebase.app.ReactNativeFirebaseAppInitProvider"
187-->[:react-native-firebase_app] AndroidManifest.xml:26:13-88
188            android:authorities="in.daaconline.doomshell.reactnativefirebaseappinitprovider"
188-->[:react-native-firebase_app] AndroidManifest.xml:27:13-86
189            android:exported="false"
189-->[:react-native-firebase_app] AndroidManifest.xml:28:13-37
190            android:initOrder="99" />
190-->[:react-native-firebase_app] AndroidManifest.xml:29:13-35
191        <provider
191-->[:react-native-webview] AndroidManifest.xml:10:9-18:20
192            android:name="com.reactnativecommunity.webview.RNCWebViewFileProvider"
192-->[:react-native-webview] AndroidManifest.xml:11:13-83
193            android:authorities="in.daaconline.doomshell.fileprovider"
193-->[:react-native-webview] AndroidManifest.xml:12:13-64
194            android:exported="false"
194-->[:react-native-webview] AndroidManifest.xml:13:13-37
195            android:grantUriPermissions="true" >
195-->[:react-native-webview] AndroidManifest.xml:14:13-47
196            <meta-data
196-->[:react-native-webview] AndroidManifest.xml:15:13-17:63
197                android:name="android.support.FILE_PROVIDER_PATHS"
197-->[:react-native-webview] AndroidManifest.xml:16:17-67
198                android:resource="@xml/file_provider_paths" />
198-->[:react-native-webview] AndroidManifest.xml:17:17-60
199        </provider>
200
201        <receiver
201-->[com.google.firebase:firebase-messaging:23.0.8] AndroidManifest.xml:32:9-39:20
202            android:name="com.google.firebase.iid.FirebaseInstanceIdReceiver"
202-->[com.google.firebase:firebase-messaging:23.0.8] AndroidManifest.xml:33:13-78
203            android:exported="true"
203-->[com.google.firebase:firebase-messaging:23.0.8] AndroidManifest.xml:34:13-36
204            android:permission="com.google.android.c2dm.permission.SEND" >
204-->[com.google.firebase:firebase-messaging:23.0.8] AndroidManifest.xml:35:13-73
205            <intent-filter>
205-->[:react-native-firebase_messaging] AndroidManifest.xml:29:13-31:29
206                <action android:name="com.google.android.c2dm.intent.RECEIVE" />
206-->[:react-native-firebase_messaging] AndroidManifest.xml:30:17-81
206-->[:react-native-firebase_messaging] AndroidManifest.xml:30:25-78
207            </intent-filter>
208        </receiver>
209        <!--
210             FirebaseMessagingService performs security checks at runtime,
211             but set to not exported to explicitly avoid allowing another app to call it.
212        -->
213        <service
213-->[com.google.firebase:firebase-messaging:23.0.8] AndroidManifest.xml:45:9-52:19
214            android:name="com.google.firebase.messaging.FirebaseMessagingService"
214-->[com.google.firebase:firebase-messaging:23.0.8] AndroidManifest.xml:46:13-82
215            android:directBootAware="true"
215-->[com.google.firebase:firebase-messaging:23.0.8] AndroidManifest.xml:47:13-43
216            android:exported="false" >
216-->[com.google.firebase:firebase-messaging:23.0.8] AndroidManifest.xml:48:13-37
217            <intent-filter android:priority="-500" >
217-->src/main/AndroidManifest.xml:39:13-41:29
218                <action android:name="com.google.firebase.MESSAGING_EVENT" />
218-->src/main/AndroidManifest.xml:40:17-78
218-->src/main/AndroidManifest.xml:40:25-75
219            </intent-filter>
220        </service>
221
222        <activity
222-->[com.google.android.gms:play-services-auth:20.3.0] AndroidManifest.xml:23:9-27:75
223            android:name="com.google.android.gms.auth.api.signin.internal.SignInHubActivity"
223-->[com.google.android.gms:play-services-auth:20.3.0] AndroidManifest.xml:24:13-93
224            android:excludeFromRecents="true"
224-->[com.google.android.gms:play-services-auth:20.3.0] AndroidManifest.xml:25:13-46
225            android:exported="false"
225-->[com.google.android.gms:play-services-auth:20.3.0] AndroidManifest.xml:26:13-37
226            android:theme="@android:style/Theme.Translucent.NoTitleBar" />
226-->[com.google.android.gms:play-services-auth:20.3.0] AndroidManifest.xml:27:13-72
227        <!--
228            Service handling Google Sign-In user revocation. For apps that do not integrate with
229            Google Sign-In, this service will never be started.
230        -->
231        <service
231-->[com.google.android.gms:play-services-auth:20.3.0] AndroidManifest.xml:33:9-37:51
232            android:name="com.google.android.gms.auth.api.signin.RevocationBoundService"
232-->[com.google.android.gms:play-services-auth:20.3.0] AndroidManifest.xml:34:13-89
233            android:exported="true"
233-->[com.google.android.gms:play-services-auth:20.3.0] AndroidManifest.xml:35:13-36
234            android:permission="com.google.android.gms.auth.api.signin.permission.REVOCATION_NOTIFICATION"
234-->[com.google.android.gms:play-services-auth:20.3.0] AndroidManifest.xml:36:13-107
235            android:visibleToInstantApps="true" />
235-->[com.google.android.gms:play-services-auth:20.3.0] AndroidManifest.xml:37:13-48
236
237        <activity
237-->[com.google.firebase:firebase-auth:21.0.8] AndroidManifest.xml:27:9-44:20
238            android:name="com.google.firebase.auth.internal.GenericIdpActivity"
238-->[com.google.firebase:firebase-auth:21.0.8] AndroidManifest.xml:28:13-80
239            android:excludeFromRecents="true"
239-->[com.google.firebase:firebase-auth:21.0.8] AndroidManifest.xml:29:13-46
240            android:exported="true"
240-->[com.google.firebase:firebase-auth:21.0.8] AndroidManifest.xml:30:13-36
241            android:launchMode="singleTask"
241-->[com.google.firebase:firebase-auth:21.0.8] AndroidManifest.xml:31:13-44
242            android:theme="@android:style/Theme.Translucent.NoTitleBar" >
242-->[com.google.firebase:firebase-auth:21.0.8] AndroidManifest.xml:32:13-72
243            <intent-filter>
243-->[com.google.firebase:firebase-auth:21.0.8] AndroidManifest.xml:33:13-43:29
244                <action android:name="android.intent.action.VIEW" />
244-->[com.google.firebase:firebase-auth:21.0.8] AndroidManifest.xml:34:17-69
244-->[com.google.firebase:firebase-auth:21.0.8] AndroidManifest.xml:34:25-66
245
246                <category android:name="android.intent.category.DEFAULT" />
246-->[com.google.firebase:firebase-auth:21.0.8] AndroidManifest.xml:36:17-76
246-->[com.google.firebase:firebase-auth:21.0.8] AndroidManifest.xml:36:27-73
247                <category android:name="android.intent.category.BROWSABLE" />
247-->[com.google.firebase:firebase-auth:21.0.8] AndroidManifest.xml:37:17-78
247-->[com.google.firebase:firebase-auth:21.0.8] AndroidManifest.xml:37:27-75
248
249                <data
249-->[com.google.firebase:firebase-auth:21.0.8] AndroidManifest.xml:39:17-42:51
250                    android:host="firebase.auth"
250-->[com.google.firebase:firebase-auth:21.0.8] AndroidManifest.xml:40:21-49
251                    android:path="/"
251-->[com.google.firebase:firebase-auth:21.0.8] AndroidManifest.xml:41:21-37
252                    android:scheme="genericidp" />
252-->[com.google.firebase:firebase-auth:21.0.8] AndroidManifest.xml:42:21-48
253            </intent-filter>
254        </activity>
255        <activity
255-->[com.google.firebase:firebase-auth:21.0.8] AndroidManifest.xml:45:9-62:20
256            android:name="com.google.firebase.auth.internal.RecaptchaActivity"
256-->[com.google.firebase:firebase-auth:21.0.8] AndroidManifest.xml:46:13-79
257            android:excludeFromRecents="true"
257-->[com.google.firebase:firebase-auth:21.0.8] AndroidManifest.xml:47:13-46
258            android:exported="true"
258-->[com.google.firebase:firebase-auth:21.0.8] AndroidManifest.xml:48:13-36
259            android:launchMode="singleTask"
259-->[com.google.firebase:firebase-auth:21.0.8] AndroidManifest.xml:49:13-44
260            android:theme="@android:style/Theme.Translucent.NoTitleBar" >
260-->[com.google.firebase:firebase-auth:21.0.8] AndroidManifest.xml:50:13-72
261            <intent-filter>
261-->[com.google.firebase:firebase-auth:21.0.8] AndroidManifest.xml:51:13-61:29
262                <action android:name="android.intent.action.VIEW" />
262-->[com.google.firebase:firebase-auth:21.0.8] AndroidManifest.xml:34:17-69
262-->[com.google.firebase:firebase-auth:21.0.8] AndroidManifest.xml:34:25-66
263
264                <category android:name="android.intent.category.DEFAULT" />
264-->[com.google.firebase:firebase-auth:21.0.8] AndroidManifest.xml:36:17-76
264-->[com.google.firebase:firebase-auth:21.0.8] AndroidManifest.xml:36:27-73